This file contains any messages produced by compilers while
running configure, to aid debugging if configure makes a mistake.

It was created by scws configure 1.2.0, which was
generated by GNU Autoconf 2.63.  Invocation command line was

  $ ./configure --prefix=/usr/local/Cellar/scws

## --------- ##
## Platform. ##
## --------- ##

hostname = yiyangs-MacBook-Pro.local
uname -m = x86_64
uname -r = 11.4.0
uname -s = Darwin
uname -v = Darwin Kernel Version 11.4.0: Mon Apr  9 19:32:15 PDT 2012; root:xnu-1699.26.8~1/RELEASE_X86_64

/usr/bin/uname -p = i386
/bin/uname -X     = unknown

/bin/arch              = unknown
/usr/bin/arch -k       = unknown
/usr/convex/getsysinfo = unknown
/usr/bin/hostinfo      = Mach kernel version:
	 Darwin Kernel Version 11.4.0: Mon Apr  9 19:32:15 PDT 2012; root:xnu-1699.26.8~1/RELEASE_X86_64
Kernel configured for up to 8 processors.
4 processors are physically available.
8 processors are logically available.
Processor type: i486 (Intel 80486)
Processors active: 0 1 2 3 4 5 6 7
Primary memory available: 8.00 gigabytes
Default processor set: 166 tasks, 867 threads, 8 processors
Load average: 1.81, Mach factor: 6.18
/bin/machine           = unknown
/usr/bin/oslevel       = unknown
/bin/universe          = unknown

PATH: /usr/local/bin
PATH: /usr/bin
PATH: /bin
PATH: /usr/sbin
PATH: /sbin
PATH: /usr/X11/bin


## ----------- ##
## Core tests. ##
## ----------- ##

configure:2064: checking for a BSD-compatible install
configure:2132: result: /usr/bin/install -c
configure:2143: checking whether build environment is sane
configure:2186: result: yes
configure:2216: checking for gawk
configure:2246: result: no
configure:2216: checking for mawk
configure:2246: result: no
configure:2216: checking for nawk
configure:2246: result: no
configure:2216: checking for awk
configure:2232: found /usr/bin/awk
configure:2243: result: awk
configure:2254: checking whether make sets $(MAKE)
configure:2276: result: yes
configure:2493: checking for gcc
configure:2509: found /usr/bin/gcc
configure:2520: result: gcc
configure:2752: checking for C compiler version
configure:2760: gcc --version >&5
i686-apple-darwin11-llvm-gcc-4.2 (GCC) 4.2.1 (Based on Apple Inc. build 5658) (LLVM build 2336.1.00)
Copyright (C) 2007 Free Software Foundation, Inc.
This is free software; see the source for copying conditions.  There is NO
warranty; not even for MERCHANTABILITY or FITNESS FOR A PARTICULAR PURPOSE.

configure:2764: $? = 0
configure:2771: gcc -v >&5
Using built-in specs.
Target: i686-apple-darwin11
Configured with: /private/var/tmp/llvmgcc42/llvmgcc42-2336.1~22/src/configure --disable-checking --enable-werror --prefix=/Developer/usr/llvm-gcc-4.2 --mandir=/share/man --enable-languages=c,objc,c++,obj-c++ --program-prefix=llvm- --program-transform-name=/^[cg][^.-]*$/s/$/-4.2/ --with-slibdir=/usr/lib --build=i686-apple-darwin11 --enable-llvm=/private/var/tmp/llvmgcc42/llvmgcc42-2336.1~22/dst-llvmCore/Developer/usr/local --program-prefix=i686-apple-darwin11- --host=x86_64-apple-darwin11 --target=i686-apple-darwin11 --with-gxx-include-dir=/usr/include/c++/4.2.1
Thread model: posix
gcc version 4.2.1 (Based on Apple Inc. build 5658) (LLVM build 2336.1.00)
configure:2775: $? = 0
configure:2782: gcc -V >&5
llvm-gcc-4.2: argument to `-V' is missing
configure:2786: $? = 1
configure:2809: checking for C compiler default output file name
configure:2831: gcc    conftest.c  >&5
configure:2835: $? = 0
configure:2873: result: a.out
configure:2892: checking whether the C compiler works
configure:2902: ./a.out
configure:2906: $? = 0
configure:2925: result: yes
configure:2932: checking whether we are cross compiling
configure:2934: result: no
configure:2937: checking for suffix of executables
configure:2944: gcc -o conftest    conftest.c  >&5
configure:2948: $? = 0
configure:2974: result: 
configure:2980: checking for suffix of object files
configure:3006: gcc -c   conftest.c >&5
configure:3010: $? = 0
configure:3035: result: o
configure:3039: checking whether we are using the GNU C compiler
configure:3068: gcc -c   conftest.c >&5
configure:3075: $? = 0
configure:3092: result: yes
configure:3101: checking whether gcc accepts -g
configure:3131: gcc -c -g  conftest.c >&5
configure:3138: $? = 0
configure:3239: result: yes
configure:3256: checking for gcc option to accept ISO C89
configure:3330: gcc  -c -g -O2  conftest.c >&5
configure:3337: $? = 0
configure:3360: result: none needed
configure:3397: checking for style of include used by make
configure:3425: result: GNU
configure:3453: checking dependency style of gcc
configure:3515: result: gcc3
configure:3520: checking whether make sets $(MAKE)
configure:3542: result: yes
configure:3623: checking build system type
configure:3641: result: i386-apple-darwin11.4.0
configure:3663: checking host system type
configure:3678: result: i386-apple-darwin11.4.0
configure:3722: checking for ld used by GCC
configure:3785: result: /usr/llvm-gcc-4.2/libexec/gcc/i686-apple-darwin11/4.2.1/ld
configure:3794: checking if the linker (/usr/llvm-gcc-4.2/libexec/gcc/i686-apple-darwin11/4.2.1/ld) is GNU ld
configure:3806: result: no
configure:3811: checking for /usr/llvm-gcc-4.2/libexec/gcc/i686-apple-darwin11/4.2.1/ld option to reload object files
configure:3818: result: -r
configure:3823: checking for BSD-compatible nm
configure:3859: result: /usr/bin/nm
configure:3862: checking for a sed that does not truncate output
configure:3944: result: /usr/bin/sed
configure:3947: checking whether ln -s works
configure:3951: result: yes
configure:3958: checking how to recognise dependent libraries
configure:4139: result: file_magic Mach-O dynamically linked shared library
configure:4152: checking command to parse /usr/bin/nm output
configure:4236: gcc -c -g -O2  conftest.c >&5
configure:4239: $? = 0
configure:4243: /usr/bin/nm conftest.o \| sed -n -e 's/^.*[ 	]\([BCDEGRST][BCDEGRST]*\)[ 	][ 	]*\(\)\([_A-Za-z][_A-Za-z0-9]*\)$/\1 \2\3 \3/p' \> conftest.nm
configure:4246: $? = 0
cannot find nm_test_var in conftest.nm
configure:4236: gcc -c -g -O2  conftest.c >&5
configure:4239: $? = 0
configure:4243: /usr/bin/nm conftest.o \| sed -n -e 's/^.*[ 	]\([BCDEGRST][BCDEGRST]*\)[ 	][ 	]*\(_\)\([_A-Za-z][_A-Za-z0-9]*\)$/\1 \2\3 \3/p' \> conftest.nm
configure:4246: $? = 0
configure:4298: gcc -o conftest -g -O2   conftest.c conftstm.o >&5
configure:4301: $? = 0
configure:4345: result: ok
configure:4354: checking how to run the C preprocessor
configure:4394: gcc -E  conftest.c
configure:4401: $? = 0
configure:4432: gcc -E  conftest.c
conftest.c:10:28: error: ac_nonexistent.h: No such file or directory
configure:4439: $? = 1
configure: failed program was:
| /* confdefs.h.  */
| #define PACKAGE_NAME "scws"
| #define PACKAGE_TARNAME "scws"
| #define PACKAGE_VERSION "1.2.0"
| #define PACKAGE_STRING "scws 1.2.0"
| #define PACKAGE_BUGREPORT "http://www.ftphp.com/scws"
| #define PACKAGE "scws"
| #define VERSION "1.2.0"
| /* end confdefs.h.  */
| #include <ac_nonexistent.h>
configure:4472: result: gcc -E
configure:4501: gcc -E  conftest.c
configure:4508: $? = 0
configure:4539: gcc -E  conftest.c
conftest.c:10:28: error: ac_nonexistent.h: No such file or directory
configure:4546: $? = 1
configure: failed program was:
| /* confdefs.h.  */
| #define PACKAGE_NAME "scws"
| #define PACKAGE_TARNAME "scws"
| #define PACKAGE_VERSION "1.2.0"
| #define PACKAGE_STRING "scws 1.2.0"
| #define PACKAGE_BUGREPORT "http://www.ftphp.com/scws"
| #define PACKAGE "scws"
| #define VERSION "1.2.0"
| /* end confdefs.h.  */
| #include <ac_nonexistent.h>
configure:4586: checking for grep that handles long lines and -e
configure:4646: result: /usr/bin/grep
configure:4651: checking for egrep
configure:4715: result: /usr/bin/grep -E
configure:4720: checking for ANSI C header files
configure:4750: gcc -c -g -O2  conftest.c >&5
configure:4757: $? = 0
configure:4856: gcc -o conftest -g -O2   conftest.c  >&5
configure:4860: $? = 0
configure:4866: ./conftest
configure:4870: $? = 0
configure:4888: result: yes
configure:4912: checking for sys/types.h
configure:4933: gcc -c -g -O2  conftest.c >&5
configure:4940: $? = 0
configure:4957: result: yes
configure:4912: checking for sys/stat.h
configure:4933: gcc -c -g -O2  conftest.c >&5
configure:4940: $? = 0
configure:4957: result: yes
configure:4912: checking for stdlib.h
configure:4933: gcc -c -g -O2  conftest.c >&5
configure:4940: $? = 0
configure:4957: result: yes
configure:4912: checking for string.h
configure:4933: gcc -c -g -O2  conftest.c >&5
configure:4940: $? = 0
configure:4957: result: yes
configure:4912: checking for memory.h
configure:4933: gcc -c -g -O2  conftest.c >&5
configure:4940: $? = 0
configure:4957: result: yes
configure:4912: checking for strings.h
configure:4933: gcc -c -g -O2  conftest.c >&5
configure:4940: $? = 0
configure:4957: result: yes
configure:4912: checking for inttypes.h
configure:4933: gcc -c -g -O2  conftest.c >&5
configure:4940: $? = 0
configure:4957: result: yes
configure:4912: checking for stdint.h
configure:4933: gcc -c -g -O2  conftest.c >&5
configure:4940: $? = 0
configure:4957: result: yes
configure:4912: checking for unistd.h
configure:4933: gcc -c -g -O2  conftest.c >&5
configure:4940: $? = 0
configure:4957: result: yes
configure:4987: checking dlfcn.h usability
configure:5004: gcc -c -g -O2  conftest.c >&5
configure:5011: $? = 0
configure:5025: result: yes
configure:5029: checking dlfcn.h presence
configure:5044: gcc -E  conftest.c
configure:5051: $? = 0
configure:5065: result: yes
configure:5098: checking for dlfcn.h
configure:5107: result: yes
configure:5309: checking for ranlib
configure:5325: found /usr/bin/ranlib
configure:5336: result: ranlib
configure:5401: checking for strip
configure:5417: found /usr/bin/strip
configure:5428: result: strip
configure:5658: checking for objdir
configure:5669: result: .libs
configure:5686: checking for gcc option to produce PIC
configure:5832: result: -fno-common
configure:5836: checking if gcc PIC flag -fno-common works
configure:5864: gcc -c -g -O2 -fno-common -DPIC  conftest.c >&5
configure:5871: $? = 0
configure:5913: result: yes
configure:5929: checking if gcc static flag -static works
configure:5958: gcc -o conftest -g -O2   -static conftest.c  >&5
ld: library not found for -lcrt0.o
collect2: ld returned 1 exit status
configure:5965: $? = 1
configure: failed program was:
| /* confdefs.h.  */
| #define PACKAGE_NAME "scws"
| #define PACKAGE_TARNAME "scws"
| #define PACKAGE_VERSION "1.2.0"
| #define PACKAGE_STRING "scws 1.2.0"
| #define PACKAGE_BUGREPORT "http://www.ftphp.com/scws"
| #define PACKAGE "scws"
| #define VERSION "1.2.0"
| #define STDC_HEADERS 1
| #define HAVE_SYS_TYPES_H 1
| #define HAVE_SYS_STAT_H 1
| #define HAVE_STDLIB_H 1
| #define HAVE_STRING_H 1
| #define HAVE_MEMORY_H 1
| #define HAVE_STRINGS_H 1
| #define HAVE_INTTYPES_H 1
| #define HAVE_STDINT_H 1
| #define HAVE_UNISTD_H 1
| #define HAVE_DLFCN_H 1
| /* end confdefs.h.  */
| 
| int
| main ()
| {
| 
|   ;
|   return 0;
| }
configure:5991: result: no
configure:6003: checking if gcc supports -c -o file.o
configure:6023: gcc -c -g -O2 -o out/conftest2.o  conftest.c >&5
configure:6047: result: yes
configure:6052: checking if gcc supports -c -o file.lo
configure:6084: gcc -c -g -O2 -c -o conftest.lo  conftest.c >&5
configure:6091: $? = 0
configure:6118: result: yes
configure:6149: checking if gcc supports -fno-rtti -fno-exceptions
configure:6176: gcc -c -g -O2 -fno-rtti -fno-exceptions -c conftest.c  conftest.c >&5
cc1: warning: command line option "-fno-rtti" is valid for C++/ObjC++ but not for C
cc1: warning: command line option "-fno-rtti" is valid for C++/ObjC++ but not for C
configure:6183: $? = 0
configure:6205: result: no
configure:6216: checking whether the linker (/usr/llvm-gcc-4.2/libexec/gcc/i686-apple-darwin11/4.2.1/ld) supports shared libraries
configure:6911: result: yes
configure:6916: checking how to hardcode library paths into programs
configure:6940: result: unsupported
configure:6945: checking whether stripping libraries is possible
configure:6953: result: no
configure:6961: checking dynamic linker characteristics
configure:7392: result: darwin11.4.0 dyld
configure:7397: checking if libtool supports shared libraries
configure:7399: result: yes
configure:7402: checking whether to build shared libraries
configure:7423: result: yes
configure:7426: checking whether to build static libraries
configure:7430: result: no
configure:8174: checking whether -lc should be explicitly linked in
configure:8182: gcc -c -g -O2  conftest.c >&5
configure:8185: $? = 0
configure:8199: gcc -r -keep_private_externs -nostdlib -o conftest-master.o conftest.o && gcc -dynamiclib  -o conftest conftest-master.o -v -install_name /conftest 2\>\&1 \| grep  -lc  \>/dev/null 2\>\&1
configure:8202: $? = 1
configure:8215: result: yes
configure:8802: checking for a BSD-compatible install
configure:8870: result: /usr/bin/install -c
configure:8915: checking for expf in -lm
configure:8950: /bin/sh ./libtool --mode=link gcc -o conftest -g -O2   conftest.c -lm   >&5
mkdir .libs
gcc -o conftest -g -O2 conftest.c  -lm
conftest.c:28: warning: conflicting types for built-in function 'expf'
configure:8957: $? = 0
configure:8978: result: yes
configure:8991: checking for ANSI C header files
configure:9159: result: yes
configure:9190: checking fcntl.h usability
configure:9207: gcc -c -g -O2  conftest.c >&5
configure:9214: $? = 0
configure:9228: result: yes
configure:9232: checking fcntl.h presence
configure:9247: gcc -E  conftest.c
configure:9254: $? = 0
configure:9268: result: yes
configure:9301: checking for fcntl.h
configure:9310: result: yes
configure:9179: checking for stdlib.h
configure:9186: result: yes
configure:9179: checking for string.h
configure:9186: result: yes
configure:9190: checking sys/file.h usability
configure:9207: gcc -c -g -O2  conftest.c >&5
configure:9214: $? = 0
configure:9228: result: yes
configure:9232: checking sys/file.h presence
configure:9247: gcc -E  conftest.c
configure:9254: $? = 0
configure:9268: result: yes
configure:9301: checking for sys/file.h
configure:9310: result: yes
configure:9190: checking sys/time.h usability
configure:9207: gcc -c -g -O2  conftest.c >&5
configure:9214: $? = 0
configure:9228: result: yes
configure:9232: checking sys/time.h presence
configure:9247: gcc -E  conftest.c
configure:9254: $? = 0
configure:9268: result: yes
configure:9301: checking for sys/time.h
configure:9310: result: yes
configure:9179: checking for unistd.h
configure:9186: result: yes
configure:9327: checking for an ANSI C-conforming const
configure:9402: gcc -c -g -O2  conftest.c >&5
configure:9409: $? = 0
configure:9424: result: yes
configure:9434: checking for inline
configure:9460: gcc -c -g -O2  conftest.c >&5
configure:9467: $? = 0
configure:9485: result: inline
configure:9504: checking whether time.h and sys/time.h may both be included
configure:9534: gcc -c -g -O2  conftest.c >&5
configure:9541: $? = 0
configure:9556: result: yes
configure:9570: checking size of int
configure:9875: /bin/sh ./libtool --mode=link gcc -o conftest -g -O2   conftest.c -lm  >&5
gcc -o conftest -g -O2 conftest.c  -lm
configure:9879: $? = 0
configure:9885: ./conftest
configure:9889: $? = 0
configure:9915: result: 4
configure:9929: checking size of float
configure:10234: /bin/sh ./libtool --mode=link gcc -o conftest -g -O2   conftest.c -lm  >&5
gcc -o conftest -g -O2 conftest.c  -lm
configure:10238: $? = 0
configure:10244: ./conftest
configure:10248: $? = 0
configure:10274: result: 4
configure:10286: checking whether lstat dereferences a symlink specified with a trailing slash
configure:10322: /bin/sh ./libtool --mode=link gcc -o conftest -g -O2   conftest.c -lm  >&5
gcc -o conftest -g -O2 conftest.c  -lm
configure:10326: $? = 0
configure:10332: ./conftest
configure:10336: $? = 1
configure: program exited with status 1
configure: failed program was:
| /* confdefs.h.  */
| #define PACKAGE_NAME "scws"
| #define PACKAGE_TARNAME "scws"
| #define PACKAGE_VERSION "1.2.0"
| #define PACKAGE_STRING "scws 1.2.0"
| #define PACKAGE_BUGREPORT "http://www.ftphp.com/scws"
| #define PACKAGE "scws"
| #define VERSION "1.2.0"
| #define STDC_HEADERS 1
| #define HAVE_SYS_TYPES_H 1
| #define HAVE_SYS_STAT_H 1
| #define HAVE_STDLIB_H 1
| #define HAVE_STRING_H 1
| #define HAVE_MEMORY_H 1
| #define HAVE_STRINGS_H 1
| #define HAVE_INTTYPES_H 1
| #define HAVE_STDINT_H 1
| #define HAVE_UNISTD_H 1
| #define HAVE_DLFCN_H 1
| #define HAVE_LIBM 1
| #define STDC_HEADERS 1
| #define HAVE_FCNTL_H 1
| #define HAVE_STDLIB_H 1
| #define HAVE_STRING_H 1
| #define HAVE_SYS_FILE_H 1
| #define HAVE_SYS_TIME_H 1
| #define HAVE_UNISTD_H 1
| #define TIME_WITH_SYS_TIME 1
| #define SIZEOF_INT 4
| #define SIZEOF_FLOAT 4
| /* end confdefs.h.  */
| #include <stdio.h>
| #ifdef HAVE_SYS_TYPES_H
| # include <sys/types.h>
| #endif
| #ifdef HAVE_SYS_STAT_H
| # include <sys/stat.h>
| #endif
| #ifdef STDC_HEADERS
| # include <stdlib.h>
| # include <stddef.h>
| #else
| # ifdef HAVE_STDLIB_H
| #  include <stdlib.h>
| # endif
| #endif
| #ifdef HAVE_STRING_H
| # if !defined STDC_HEADERS && defined HAVE_MEMORY_H
| #  include <memory.h>
| # endif
| # include <string.h>
| #endif
| #ifdef HAVE_STRINGS_H
| # include <strings.h>
| #endif
| #ifdef HAVE_INTTYPES_H
| # include <inttypes.h>
| #endif
| #ifdef HAVE_STDINT_H
| # include <stdint.h>
| #endif
| #ifdef HAVE_UNISTD_H
| # include <unistd.h>
| #endif
| int
| main ()
| {
| struct stat sbuf;
|      /* Linux will dereference the symlink and fail.
| 	That is better in the sense that it means we will not
| 	have to compile and use the lstat wrapper.  */
|      return lstat ("conftest.sym/", &sbuf) == 0;
|   ;
|   return 0;
| }
configure:10360: result: no
configure:10379: checking whether lstat accepts an empty string
configure:10409: /bin/sh ./libtool --mode=link gcc -o conftest -g -O2   conftest.c -lm  >&5
gcc -o conftest -g -O2 conftest.c  -lm
configure:10413: $? = 0
configure:10419: ./conftest
configure:10423: $? = 0
configure:10440: result: no
configure:10456: checking whether lstat dereferences a symlink specified with a trailing slash
configure:10530: result: no
configure:10554: checking for stdlib.h
configure:10561: result: yes
configure:10700: checking for GNU libc compatible malloc
configure:10734: /bin/sh ./libtool --mode=link gcc -o conftest -g -O2   conftest.c -lm  >&5
gcc -o conftest -g -O2 conftest.c  -lm
configure:10738: $? = 0
configure:10744: ./conftest
configure:10748: $? = 0
configure:10765: result: yes
configure:10793: checking for working memcmp
configure:10846: /bin/sh ./libtool --mode=link gcc -o conftest -g -O2   conftest.c -lm  >&5
gcc -o conftest -g -O2 conftest.c  -lm
configure:10850: $? = 0
configure:10856: ./conftest
configure:10860: $? = 0
configure:10877: result: yes
configure:10886: checking whether stat accepts an empty string
configure:10916: /bin/sh ./libtool --mode=link gcc -o conftest -g -O2   conftest.c -lm  >&5
gcc -o conftest -g -O2 conftest.c  -lm
configure:10920: $? = 0
configure:10926: ./conftest
configure:10930: $? = 0
configure:10947: result: no
configure:10977: checking for gettimeofday
configure:11033: /bin/sh ./libtool --mode=link gcc -o conftest -g -O2   conftest.c -lm  >&5
gcc -o conftest -g -O2 conftest.c  -lm
configure:11040: $? = 0
configure:11062: result: yes
configure:10977: checking for memset
configure:11033: /bin/sh ./libtool --mode=link gcc -o conftest -g -O2   conftest.c -lm  >&5
gcc -o conftest -g -O2 conftest.c  -lm
conftest.c:58: warning: conflicting types for built-in function 'memset'
configure:11040: $? = 0
configure:11062: result: yes
configure:10977: checking for munmap
configure:11033: /bin/sh ./libtool --mode=link gcc -o conftest -g -O2   conftest.c -lm  >&5
gcc -o conftest -g -O2 conftest.c  -lm
configure:11040: $? = 0
configure:11062: result: yes
configure:10977: checking for pow
configure:11033: /bin/sh ./libtool --mode=link gcc -o conftest -g -O2   conftest.c -lm  >&5
gcc -o conftest -g -O2 conftest.c  -lm
conftest.c:60: warning: conflicting types for built-in function 'pow'
configure:11040: $? = 0
configure:11062: result: yes
configure:10977: checking for realpath
configure:11033: /bin/sh ./libtool --mode=link gcc -o conftest -g -O2   conftest.c -lm  >&5
gcc -o conftest -g -O2 conftest.c  -lm
configure:11040: $? = 0
configure:11062: result: yes
configure:10977: checking for strcasecmp
configure:11033: /bin/sh ./libtool --mode=link gcc -o conftest -g -O2   conftest.c -lm  >&5
gcc -o conftest -g -O2 conftest.c  -lm
conftest.c:62: warning: conflicting types for built-in function 'strcasecmp'
configure:11040: $? = 0
configure:11062: result: yes
configure:10977: checking for strchr
configure:11033: /bin/sh ./libtool --mode=link gcc -o conftest -g -O2   conftest.c -lm  >&5
gcc -o conftest -g -O2 conftest.c  -lm
conftest.c:63: warning: conflicting types for built-in function 'strchr'
configure:11040: $? = 0
configure:11062: result: yes
configure:10977: checking for strdup
configure:11033: /bin/sh ./libtool --mode=link gcc -o conftest -g -O2   conftest.c -lm  >&5
gcc -o conftest -g -O2 conftest.c  -lm
conftest.c:64: warning: conflicting types for built-in function 'strdup'
configure:11040: $? = 0
configure:11062: result: yes
configure:10977: checking for strrchr
configure:11033: /bin/sh ./libtool --mode=link gcc -o conftest -g -O2   conftest.c -lm  >&5
gcc -o conftest -g -O2 conftest.c  -lm
conftest.c:65: warning: conflicting types for built-in function 'strrchr'
configure:11040: $? = 0
configure:11062: result: yes
configure:10977: checking for strndup
configure:11033: /bin/sh ./libtool --mode=link gcc -o conftest -g -O2   conftest.c -lm  >&5
gcc -o conftest -g -O2 conftest.c  -lm
conftest.c:66: warning: conflicting types for built-in function 'strndup'
configure:11040: $? = 0
configure:11062: result: yes
configure:10977: checking for strtok_r
configure:11033: /bin/sh ./libtool --mode=link gcc -o conftest -g -O2   conftest.c -lm  >&5
gcc -o conftest -g -O2 conftest.c  -lm
configure:11040: $? = 0
configure:11062: result: yes
configure:11081: checking for mmap
configure:11137: /bin/sh ./libtool --mode=link gcc -o conftest -g -O2   conftest.c -lm  >&5
gcc -o conftest -g -O2 conftest.c  -lm
configure:11144: $? = 0
configure:11164: result: yes
configure:11179: checking for struct flock
configure:11208: gcc -c -g -O2  conftest.c >&5
configure:11215: $? = 0
configure:11235: result: yes
configure:11369: creating ./config.status

## ---------------------- ##
## Running config.status. ##
## ---------------------- ##

This file was extended by scws config.status 1.2.0, which was
generated by GNU Autoconf 2.63.  Invocation command line was

  CONFIG_FILES    = 
  CONFIG_HEADERS  = 
  CONFIG_LINKS    = 
  CONFIG_COMMANDS = 
  $ ./config.status 

on yiyangs-MacBook-Pro.local

config.status:802: creating Makefile
config.status:949: WARNING:  'Makefile.in' seems to ignore the --datarootdir setting
config.status:802: creating libscws/Makefile
config.status:949: WARNING:  'libscws/Makefile.in' seems to ignore the --datarootdir setting
config.status:802: creating etc/Makefile
config.status:949: WARNING:  'etc/Makefile.in' seems to ignore the --datarootdir setting
config.status:802: creating cli/Makefile
config.status:949: WARNING:  'cli/Makefile.in' seems to ignore the --datarootdir setting
config.status:802: creating config.h
config.status:1036: executing depfiles commands

## ---------------- ##
## Cache variables. ##
## ---------------- ##

ac_cv_build=i386-apple-darwin11.4.0
ac_cv_c_compiler_gnu=yes
ac_cv_c_const=yes
ac_cv_c_inline=inline
ac_cv_env_CC_set=
ac_cv_env_CC_value=
ac_cv_env_CFLAGS_set=
ac_cv_env_CFLAGS_value=
ac_cv_env_CPPFLAGS_set=
ac_cv_env_CPPFLAGS_value=
ac_cv_env_CPP_set=
ac_cv_env_CPP_value=
ac_cv_env_LDFLAGS_set=
ac_cv_env_LDFLAGS_value=
ac_cv_env_LIBS_set=
ac_cv_env_LIBS_value=
ac_cv_env_build_alias_set=
ac_cv_env_build_alias_value=
ac_cv_env_host_alias_set=
ac_cv_env_host_alias_value=
ac_cv_env_target_alias_set=
ac_cv_env_target_alias_value=
ac_cv_func_gettimeofday=yes
ac_cv_func_lstat_dereferences_slashed_symlink=no
ac_cv_func_lstat_empty_string_bug=no
ac_cv_func_malloc_0_nonnull=yes
ac_cv_func_memcmp_working=yes
ac_cv_func_memset=yes
ac_cv_func_mmap=yes
ac_cv_func_munmap=yes
ac_cv_func_pow=yes
ac_cv_func_realpath=yes
ac_cv_func_stat_empty_string_bug=no
ac_cv_func_strcasecmp=yes
ac_cv_func_strchr=yes
ac_cv_func_strdup=yes
ac_cv_func_strndup=yes
ac_cv_func_strrchr=yes
ac_cv_func_strtok_r=yes
ac_cv_header_dlfcn_h=yes
ac_cv_header_fcntl_h=yes
ac_cv_header_inttypes_h=yes
ac_cv_header_memory_h=yes
ac_cv_header_stdc=yes
ac_cv_header_stdint_h=yes
ac_cv_header_stdlib_h=yes
ac_cv_header_string_h=yes
ac_cv_header_strings_h=yes
ac_cv_header_sys_file_h=yes
ac_cv_header_sys_stat_h=yes
ac_cv_header_sys_time_h=yes
ac_cv_header_sys_types_h=yes
ac_cv_header_time=yes
ac_cv_header_unistd_h=yes
ac_cv_host=i386-apple-darwin11.4.0
ac_cv_lib_m_expf=yes
ac_cv_objext=o
ac_cv_path_EGREP='/usr/bin/grep -E'
ac_cv_path_GREP=/usr/bin/grep
ac_cv_path_install='/usr/bin/install -c'
ac_cv_prog_AWK=awk
ac_cv_prog_CPP='gcc -E'
ac_cv_prog_ac_ct_CC=gcc
ac_cv_prog_ac_ct_RANLIB=ranlib
ac_cv_prog_ac_ct_STRIP=strip
ac_cv_prog_cc_c89=
ac_cv_prog_cc_g=yes
ac_cv_prog_make_make_set=yes
ac_cv_sizeof_float=4
ac_cv_sizeof_int=4
ac_cv_struct_flock=yes
am_cv_CC_dependencies_compiler_type=gcc3
lt_cv_archive_cmds_need_lc=yes
lt_cv_compiler_c_o=yes
lt_cv_compiler_o_lo=yes
lt_cv_deplibs_check_method='file_magic Mach-O dynamically linked shared library'
lt_cv_file_magic_cmd='/usr/bin/file -L'
lt_cv_file_magic_test_file=/usr/lib/libSystem.dylib
lt_cv_global_symbol_to_c_name_address='sed -n -e '\''s/^: \([^ ]*\) $/  {\"\1\", (lt_ptr) 0},/p'\'' -e '\''s/^[BCDEGRST] \([^ ]*\) \([^ ]*\)$/  {"\2", (lt_ptr) \&\2},/p'\'''
lt_cv_global_symbol_to_cdecl='sed -n -e '\''s/^. .* \(.*\)$/extern char \1;/p'\'''
lt_cv_ld_reload_flag=-r
lt_cv_path_LD=/usr/llvm-gcc-4.2/libexec/gcc/i686-apple-darwin11/4.2.1/ld
lt_cv_path_NM=/usr/bin/nm
lt_cv_path_SED=/usr/bin/sed
lt_cv_prog_cc_can_build_shared=yes
lt_cv_prog_cc_no_builtin=
lt_cv_prog_cc_pic=' -fno-common'
lt_cv_prog_cc_pic_works=yes
lt_cv_prog_cc_shlib=
lt_cv_prog_cc_static=
lt_cv_prog_cc_static_works=no
lt_cv_prog_cc_wl=-Wl,
lt_cv_prog_gnu_ld=no
lt_cv_sys_global_symbol_pipe='sed -n -e '\''s/^.*[ 	]\([BCDEGRST][BCDEGRST]*\)[ 	][ 	]*\(_\)\([_A-Za-z][_A-Za-z0-9]*\)$/\1 \2\3 \3/p'\'''

## ----------------- ##
## Output variables. ##
## ----------------- ##

ACLOCAL='${SHELL} /Users/yiyang/Documents/projects/scws-1.2.0/missing --run aclocal-1.6'
AMDEPBACKSLASH='\'
AMDEP_FALSE='#'
AMDEP_TRUE=''
AMTAR='${SHELL} /Users/yiyang/Documents/projects/scws-1.2.0/missing --run tar'
AUTOCONF='${SHELL} /Users/yiyang/Documents/projects/scws-1.2.0/missing --run autoconf'
AUTOHEADER='${SHELL} /Users/yiyang/Documents/projects/scws-1.2.0/missing --run autoheader'
AUTOMAKE='${SHELL} /Users/yiyang/Documents/projects/scws-1.2.0/missing --run automake-1.6'
AWK='awk'
CC='gcc'
CCDEPMODE='depmode=gcc3'
CFLAGS='-g -O2'
CPP='gcc -E'
CPPFLAGS=''
DEFS='-DHAVE_CONFIG_H'
DEPDIR='.deps'
ECHO='/bin/echo'
ECHO_C='\c'
ECHO_N=''
ECHO_T=''
EGREP='/usr/bin/grep -E'
EXEEXT=''
GREP='/usr/bin/grep'
INSTALL_DATA='${INSTALL} -m 644'
INSTALL_PROGRAM='${INSTALL}'
INSTALL_SCRIPT='${INSTALL}'
INSTALL_STRIP_PROGRAM='${SHELL} $(install_sh) -c -s'
LDFLAGS=''
LIBOBJS=' ${LIBOBJDIR}lstat$U.o'
LIBS='-lm '
LIBTOOL='$(SHELL) $(top_builddir)/libtool --preserve-dup-deps'
LN_S='ln -s'
LTLIBOBJS=' ${LIBOBJDIR}lstat$U.lo'
MAKEINFO='${SHELL} /Users/yiyang/Documents/projects/scws-1.2.0/missing --run makeinfo'
OBJEXT='o'
PACKAGE='scws'
PACKAGE_BUGREPORT='http://www.ftphp.com/scws'
PACKAGE_NAME='scws'
PACKAGE_STRING='scws 1.2.0'
PACKAGE_TARNAME='scws'
PACKAGE_VERSION='1.2.0'
PATH_SEPARATOR=':'
RANLIB='ranlib'
SET_MAKE=''
SHARED_LIB_VERSION='2:0:1'
SHELL='/bin/sh'
STRIP='strip'
VERSION='1.2.0'
ac_ct_CC='gcc'
am__include='include'
am__quote=''
bindir='${exec_prefix}/bin'
build='i386-apple-darwin11.4.0'
build_alias=''
build_cpu='i386'
build_os='darwin11.4.0'
build_vendor='apple'
datadir='${datarootdir}'
datarootdir='${prefix}/share'
docdir='${datarootdir}/doc/${PACKAGE_TARNAME}'
dvidir='${docdir}'
exec_prefix='${prefix}'
host='i386-apple-darwin11.4.0'
host_alias=''
host_cpu='i386'
host_os='darwin11.4.0'
host_vendor='apple'
htmldir='${docdir}'
includedir='${prefix}/include'
infodir='${datarootdir}/info'
install_sh='/Users/yiyang/Documents/projects/scws-1.2.0/install-sh'
libdir='${exec_prefix}/lib'
libexecdir='${exec_prefix}/libexec'
localedir='${datarootdir}/locale'
localstatedir='${prefix}/var'
mandir='${datarootdir}/man'
oldincludedir='/usr/include'
pdfdir='${docdir}'
prefix='/usr/local/Cellar/scws'
program_transform_name='s,x,x,'
psdir='${docdir}'
sbindir='${exec_prefix}/sbin'
sharedstatedir='${prefix}/com'
sysconfdir='${prefix}/etc'
target_alias=''

## ----------- ##
## confdefs.h. ##
## ----------- ##

#define PACKAGE_NAME "scws"
#define PACKAGE_TARNAME "scws"
#define PACKAGE_VERSION "1.2.0"
#define PACKAGE_STRING "scws 1.2.0"
#define PACKAGE_BUGREPORT "http://www.ftphp.com/scws"
#define PACKAGE "scws"
#define VERSION "1.2.0"
#define STDC_HEADERS 1
#define HAVE_SYS_TYPES_H 1
#define HAVE_SYS_STAT_H 1
#define HAVE_STDLIB_H 1
#define HAVE_STRING_H 1
#define HAVE_MEMORY_H 1
#define HAVE_STRINGS_H 1
#define HAVE_INTTYPES_H 1
#define HAVE_STDINT_H 1
#define HAVE_UNISTD_H 1
#define HAVE_DLFCN_H 1
#define HAVE_LIBM 1
#define STDC_HEADERS 1
#define HAVE_FCNTL_H 1
#define HAVE_STDLIB_H 1
#define HAVE_STRING_H 1
#define HAVE_SYS_FILE_H 1
#define HAVE_SYS_TIME_H 1
#define HAVE_UNISTD_H 1
#define TIME_WITH_SYS_TIME 1
#define SIZEOF_INT 4
#define SIZEOF_FLOAT 4
#define HAVE_STDLIB_H 1
#define HAVE_MALLOC 1
#define HAVE_GETTIMEOFDAY 1
#define HAVE_MEMSET 1
#define HAVE_MUNMAP 1
#define HAVE_POW 1
#define HAVE_REALPATH 1
#define HAVE_STRCASECMP 1
#define HAVE_STRCHR 1
#define HAVE_STRDUP 1
#define HAVE_STRRCHR 1
#define HAVE_STRNDUP 1
#define HAVE_STRTOK_R 1
#define HAVE_MMAP 1
#define HAVE_STRUCT_FLOCK 1

configure: exit 0
